# JRE version: Java(TM) SE Runtime Environment (8.0_131-b11) (build 1.8.0_131-b11)
# Java VM: Java HotSpot(TM) 64-Bit Server VM (25.131-b11 mixed mode windows-amd64 compressed oops)
Heap:
 PSYoungGen      total 111104K, used 16317K [0x00000000eb200000, 0x00000000f5300000, 0x0000000100000000)
  eden space 102912K, 15% used [0x00000000eb200000,0x00000000ec1ef608,0x00000000f1680000)
  from space 8192K, 0% used [0x00000000f4b00000,0x00000000f4b00000,0x00000000f5300000)
  to   space 7680K, 0% used [0x00000000f1680000,0x00000000f1680000,0x00000000f1e00000)
 ParOldGen       total 38400K, used 20334K [0x00000000c1600000, 0x00000000c3b80000, 0x00000000eb200000)
  object space 38400K, 52% used [0x00000000c1600000,0x00000000c29dbaf0,0x00000000c3b80000)
 Metaspace       used 32459K, capacity 32736K, committed 32896K, reserved 1079296K
  class space    used 4133K, capacity 4224K, committed 4224K, reserved 1048576K
GC Heap History (10 events):
Event: 11.289 GC heap before
{Heap before GC invocations=8 (full 0):
 PSYoungGen      total 39424K, used 37157K [0x00000000eb200000, 0x00000000eff00000, 0x0000000100000000)
  eden space 32768K, 100% used [0x00000000eb200000,0x00000000ed200000,0x00000000ed200000)
  from space 6656K, 65% used [0x00000000ed200000,0x00000000ed649668,0x00000000ed880000)
  to   space 6656K, 0% used [0x00000000ef880000,0x00000000ef880000,0x00000000eff00000)
 ParOldGen       total 44032K, used 11324K [0x00000000c1600000, 0x00000000c4100000, 0x00000000eb200000)
  object space 44032K, 25% used [0x00000000c1600000,0x00000000c210f1d8,0x00000000c4100000)
 Metaspace       used 20020K, capacity 20324K, committed 20608K, reserved 1067008K
  class space    used 2460K, capacity 2565K, committed 2688K, reserved 1048576K
Event: 11.344 GC heap after
Heap after GC invocations=8 (full 0):
 PSYoungGen      total 72192K, used 5056K [0x00000000eb200000, 0x00000000eff00000, 0x0000000100000000)
  eden space 65536K, 0% used [0x00000000eb200000,0x00000000eb200000,0x00000000ef200000)
  from space 6656K, 75% used [0x00000000ef880000,0x00000000efd70010,0x00000000eff00000)
  to   space 6656K, 0% used [0x00000000ef200000,0x00000000ef200000,0x00000000ef880000)
 ParOldGen       total 44032K, used 12030K [0x00000000c1600000, 0x00000000c4100000, 0x00000000eb200000)
  object space 44032K, 27% used [0x00000000c1600000,0x00000000c21bfa88,0x00000000c4100000)
 Metaspace       used 20020K, capacity 20324K, committed 20608K, reserved 1067008K
  class space    used 2460K, capacity 2565K, committed 2688K, reserved 1048576K
}
Event: 14.805 GC heap before
{Heap before GC invocations=9 (full 0):
 PSYoungGen      total 72192K, used 58961K [0x00000000eb200000, 0x00000000eff00000, 0x0000000100000000)
  eden space 65536K, 82% used [0x00000000eb200000,0x00000000ee6a4590,0x00000000ef200000)
  from space 6656K, 75% used [0x00000000ef880000,0x00000000efd70010,0x00000000eff00000)
  to   space 6656K, 0% used [0x00000000ef200000,0x00000000ef200000,0x00000000ef880000)
 ParOldGen       total 44032K, used 12030K [0x00000000c1600000, 0x00000000c4100000, 0x00000000eb200000)
  object space 44032K, 27% used [0x00000000c1600000,0x00000000c21bfa88,0x00000000c4100000)
 Metaspace       used 20820K, capacity 21046K, committed 21248K, reserved 1067008K
  class space    used 2588K, capacity 2696K, committed 2816K, reserved 1048576K
Event: 14.871 GC heap after
Heap after GC invocations=9 (full 0):
 PSYoungGen      total 72192K, used 6642K [0x00000000eb200000, 0x00000000f2880000, 0x0000000100000000)
  eden space 65536K, 0% used [0x00000000eb200000,0x00000000eb200000,0x00000000ef200000)
  from space 6656K, 99% used [0x00000000ef200000,0x00000000ef87c8f0,0x00000000ef880000)
  to   space 8192K, 0% used [0x00000000f2080000,0x00000000f2080000,0x00000000f2880000)
 ParOldGen       total 44032K, used 13859K [0x00000000c1600000, 0x00000000c4100000, 0x00000000eb200000)
  object space 44032K, 31% used [0x00000000c1600000,0x00000000c2388eb0,0x00000000c4100000)
 Metaspace       used 20820K, capacity 21046K, committed 21248K, reserved 1067008K
  class space    used 2588K, capacity 2696K, committed 2816K, reserved 1048576K
}
Event: 14.871 GC heap before
{Heap before GC invocations=10 (full 1):
 PSYoungGen      total 72192K, used 6642K [0x00000000eb200000, 0x00000000f2880000, 0x0000000100000000)
  eden space 65536K, 0% used [0x00000000eb200000,0x00000000eb200000,0x00000000ef200000)
  from space 6656K, 99% used [0x00000000ef200000,0x00000000ef87c8f0,0x00000000ef880000)
  to   space 8192K, 0% used [0x00000000f2080000,0x00000000f2080000,0x00000000f2880000)
 ParOldGen       total 44032K, used 13859K [0x00000000c1600000, 0x00000000c4100000, 0x00000000eb200000)
  object space 44032K, 31% used [0x00000000c1600000,0x00000000c2388eb0,0x00000000c4100000)
 Metaspace       used 20820K, capacity 21046K, committed 21248K, reserved 1067008K
  class space    used 2588K, capacity 2696K, committed 2816K, reserved 1048576K
Event: 15.012 GC heap after
Heap after GC invocations=10 (full 1):
 PSYoungGen      total 72192K, used 0K [0x00000000eb200000, 0x00000000f2880000, 0x0000000100000000)
  eden space 65536K, 0% used [0x00000000eb200000,0x00000000eb200000,0x00000000ef200000)
  from space 6656K, 0% used [0x00000000ef200000,0x00000000ef200000,0x00000000ef880000)
  to   space 8192K, 0% used [0x00000000f2080000,0x00000000f2080000,0x00000000f2880000)
 ParOldGen       total 38400K, used 14482K [0x00000000c1600000, 0x00000000c3b80000, 0x00000000eb200000)
  object space 38400K, 37% used [0x00000000c1600000,0x00000000c24249a8,0x00000000c3b80000)
 Metaspace       used 20820K, capacity 21046K, committed 21248K, reserved 1067008K
  class space    used 2588K, capacity 2696K, committed 2816K, reserved 1048576K
}
Event: 20.249 GC heap before
{Heap before GC invocations=11 (full 1):
 PSYoungGen      total 72192K, used 65536K [0x00000000eb200000, 0x00000000f2880000, 0x0000000100000000)
  eden space 65536K, 100% used [0x00000000eb200000,0x00000000ef200000,0x00000000ef200000)
  from space 6656K, 0% used [0x00000000ef200000,0x00000000ef200000,0x00000000ef880000)
  to   space 8192K, 0% used [0x00000000f2080000,0x00000000f2080000,0x00000000f2880000)
 ParOldGen       total 38400K, used 14482K [0x00000000c1600000, 0x00000000c3b80000, 0x00000000eb200000)
  object space 38400K, 37% used [0x00000000c1600000,0x00000000c24249a8,0x00000000c3b80000)
 Metaspace       used 23607K, capacity 23930K, committed 24064K, reserved 1071104K
  class space    used 2958K, capacity 3054K, committed 3072K, reserved 1048576K
Event: 20.811 GC heap after
Heap after GC invocations=11 (full 1):
 PSYoungGen      total 104448K, used 4679K [0x00000000eb200000, 0x00000000f2580000, 0x0000000100000000)
  eden space 99328K, 0% used [0x00000000eb200000,0x00000000eb200000,0x00000000f1300000)
  from space 5120K, 91% used [0x00000000f2080000,0x00000000f2511cf0,0x00000000f2580000)
  to   space 7680K, 0% used [0x00000000f1680000,0x00000000f1680000,0x00000000f1e00000)
 ParOldGen       total 38400K, used 14482K [0x00000000c1600000, 0x00000000c3b80000, 0x00000000eb200000)
  object space 38400K, 37% used [0x00000000c1600000,0x00000000c24249a8,0x00000000c3b80000)
 Metaspace       used 23607K, capacity 23930K, committed 24064K, reserved 1071104K
  class space    used 2958K, capacity 3054K, committed 3072K, reserved 1048576K
}
Event: 27.273 GC heap before
{Heap before GC invocations=12 (full 1):
 PSYoungGen      total 104448K, used 103984K [0x00000000eb200000, 0x00000000f2580000, 0x0000000100000000)
  eden space 99328K, 99% used [0x00000000eb200000,0x00000000f12fa6f0,0x00000000f1300000)
  from space 5120K, 91% used [0x00000000f2080000,0x00000000f2511cf0,0x00000000f2580000)
  to   space 7680K, 0% used [0x00000000f1680000,0x00000000f1680000,0x00000000f1e00000)
 ParOldGen       total 38400K, used 14482K [0x00000000c1600000, 0x00000000c3b80000, 0x00000000eb200000)
  object space 38400K, 37% used [0x00000000c1600000,0x00000000c24249a8,0x00000000c3b80000)
 Metaspace       used 28337K, capacity 28616K, committed 29056K, reserved 1075200K
  class space    used 3548K, capacity 3643K, committed 3712K, reserved 1048576K
Event: 27.328 GC heap after
Heap after GC invocations=12 (full 1):
 PSYoungGen      total 110592K, used 6827K [0x00000000eb200000, 0x00000000f5300000, 0x0000000100000000)
  eden space 102912K, 0% used [0x00000000eb200000,0x00000000eb200000,0x00000000f1680000)
  from space 7680K, 88% used [0x00000000f1680000,0x00000000f1d2ac08,0x00000000f1e00000)
  to   space 8192K, 0% used [0x00000000f4b00000,0x00000000f4b00000,0x00000000f5300000)
 ParOldGen       total 38400K, used 16386K [0x00000000c1600000, 0x00000000c3b80000, 0x00000000eb200000)
  object space 38400K, 42% used [0x00000000c1600000,0x00000000c26009c8,0x00000000c3b80000)
 Metaspace       used 28337K, capacity 28616K, committed 29056K, reserved 1075200K
  class space    used 3548K, capacity 3643K, committed 3712K, reserved 1048576K
}

