# JRE version: Java(TM) SE Runtime Environment (8.0_131-b11) (build 1.8.0_131-b11)
# Java VM: Java HotSpot(TM) 64-Bit Server VM (25.131-b11 mixed mode windows-amd64 compressed oops)
Heap:
 PSYoungGen      total 140800K, used 133138K [0x00000000eb200000, 0x00000000f7900000, 0x0000000100000000)
  eden space 131072K, 95% used [0x00000000eb200000,0x00000000f2bd3170,0x00000000f3200000)
  from space 9728K, 86% used [0x00000000f3200000,0x00000000f3a31870,0x00000000f3b80000)
  to   space 10240K, 0% used [0x00000000f6f00000,0x00000000f6f00000,0x00000000f7900000)
 ParOldGen       total 39424K, used 13104K [0x00000000c1600000, 0x00000000c3c80000, 0x00000000eb200000)
  object space 39424K, 33% used [0x00000000c1600000,0x00000000c22cc088,0x00000000c3c80000)
 Metaspace       used 29955K, capacity 30266K, committed 30592K, reserved 1075200K
  class space    used 3754K, capacity 3871K, committed 3968K, reserved 1048576K
GC Heap History (10 events):
Event: 10.069 GC heap before
{Heap before GC invocations=6 (full 0):
 PSYoungGen      total 35328K, used 35312K [0x00000000eb200000, 0x00000000f0200000, 0x0000000100000000)
  eden space 32768K, 100% used [0x00000000eb200000,0x00000000ed200000,0x00000000ed200000)
  from space 2560K, 99% used [0x00000000ed200000,0x00000000ed47c030,0x00000000ed480000)
  to   space 8192K, 0% used [0x00000000efa00000,0x00000000efa00000,0x00000000f0200000)
 ParOldGen       total 44032K, used 11997K [0x00000000c1600000, 0x00000000c4100000, 0x00000000eb200000)
  object space 44032K, 27% used [0x00000000c1600000,0x00000000c21b7780,0x00000000c4100000)
 Metaspace       used 19222K, capacity 19474K, committed 19712K, reserved 1067008K
  class space    used 2353K, capacity 2434K, committed 2560K, reserved 1048576K
Event: 10.098 GC heap after
Heap after GC invocations=6 (full 0):
 PSYoungGen      total 72704K, used 4565K [0x00000000eb200000, 0x00000000f0100000, 0x0000000100000000)
  eden space 65536K, 0% used [0x00000000eb200000,0x00000000eb200000,0x00000000ef200000)
  from space 7168K, 63% used [0x00000000efa00000,0x00000000efe75698,0x00000000f0100000)
  to   space 7680K, 0% used [0x00000000ef200000,0x00000000ef200000,0x00000000ef980000)
 ParOldGen       total 44032K, used 11997K [0x00000000c1600000, 0x00000000c4100000, 0x00000000eb200000)
  object space 44032K, 27% used [0x00000000c1600000,0x00000000c21b7780,0x00000000c4100000)
 Metaspace       used 19222K, capacity 19474K, committed 19712K, reserved 1067008K
  class space    used 2353K, capacity 2434K, committed 2560K, reserved 1048576K
}
Event: 14.073 GC heap before
{Heap before GC invocations=7 (full 0):
 PSYoungGen      total 72704K, used 70101K [0x00000000eb200000, 0x00000000f0100000, 0x0000000100000000)
  eden space 65536K, 100% used [0x00000000eb200000,0x00000000ef200000,0x00000000ef200000)
  from space 7168K, 63% used [0x00000000efa00000,0x00000000efe75698,0x00000000f0100000)
  to   space 7680K, 0% used [0x00000000ef200000,0x00000000ef200000,0x00000000ef980000)
 ParOldGen       total 44032K, used 11997K [0x00000000c1600000, 0x00000000c4100000, 0x00000000eb200000)
  object space 44032K, 27% used [0x00000000c1600000,0x00000000c21b7780,0x00000000c4100000)
 Metaspace       used 20161K, capacity 20388K, committed 20608K, reserved 1067008K
  class space    used 2484K, capacity 2565K, committed 2688K, reserved 1048576K
Event: 14.143 GC heap after
Heap after GC invocations=7 (full 0):
 PSYoungGen      total 73216K, used 7668K [0x00000000eb200000, 0x00000000f4500000, 0x0000000100000000)
  eden space 65536K, 0% used [0x00000000eb200000,0x00000000eb200000,0x00000000ef200000)
  from space 7680K, 99% used [0x00000000ef200000,0x00000000ef97d2a8,0x00000000ef980000)
  to   space 9728K, 0% used [0x00000000f3b80000,0x00000000f3b80000,0x00000000f4500000)
 ParOldGen       total 44032K, used 14277K [0x00000000c1600000, 0x00000000c4100000, 0x00000000eb200000)
  object space 44032K, 32% used [0x00000000c1600000,0x00000000c23f16f8,0x00000000c4100000)
 Metaspace       used 20161K, capacity 20388K, committed 20608K, reserved 1067008K
  class space    used 2484K, capacity 2565K, committed 2688K, reserved 1048576K
}
Event: 15.142 GC heap before
{Heap before GC invocations=8 (full 0):
 PSYoungGen      total 73216K, used 28496K [0x00000000eb200000, 0x00000000f4500000, 0x0000000100000000)
  eden space 65536K, 31% used [0x00000000eb200000,0x00000000ec656ee0,0x00000000ef200000)
  from space 7680K, 99% used [0x00000000ef200000,0x00000000ef97d2a8,0x00000000ef980000)
  to   space 9728K, 0% used [0x00000000f3b80000,0x00000000f3b80000,0x00000000f4500000)
 ParOldGen       total 44032K, used 14277K [0x00000000c1600000, 0x00000000c4100000, 0x00000000eb200000)
  object space 44032K, 32% used [0x00000000c1600000,0x00000000c23f16f8,0x00000000c4100000)
 Metaspace       used 20820K, capacity 21078K, committed 21296K, reserved 1069056K
  class space    used 2585K, capacity 2664K, committed 2688K, reserved 1048576K
Event: 15.161 GC heap after
Heap after GC invocations=8 (full 0):
 PSYoungGen      total 140800K, used 4966K [0x00000000eb200000, 0x00000000f4500000, 0x0000000100000000)
  eden space 131072K, 0% used [0x00000000eb200000,0x00000000eb200000,0x00000000f3200000)
  from space 9728K, 51% used [0x00000000f3b80000,0x00000000f4059b58,0x00000000f4500000)
  to   space 9728K, 0% used [0x00000000f3200000,0x00000000f3200000,0x00000000f3b80000)
 ParOldGen       total 44032K, used 15045K [0x00000000c1600000, 0x00000000c4100000, 0x00000000eb200000)
  object space 44032K, 34% used [0x00000000c1600000,0x00000000c24b1718,0x00000000c4100000)
 Metaspace       used 20820K, capacity 21078K, committed 21296K, reserved 1069056K
  class space    used 2585K, capacity 2664K, committed 2688K, reserved 1048576K
}
Event: 15.161 GC heap before
{Heap before GC invocations=9 (full 1):
 PSYoungGen      total 140800K, used 4966K [0x00000000eb200000, 0x00000000f4500000, 0x0000000100000000)
  eden space 131072K, 0% used [0x00000000eb200000,0x00000000eb200000,0x00000000f3200000)
  from space 9728K, 51% used [0x00000000f3b80000,0x00000000f4059b58,0x00000000f4500000)
  to   space 9728K, 0% used [0x00000000f3200000,0x00000000f3200000,0x00000000f3b80000)
 ParOldGen       total 44032K, used 15045K [0x00000000c1600000, 0x00000000c4100000, 0x00000000eb200000)
  object space 44032K, 34% used [0x00000000c1600000,0x00000000c24b1718,0x00000000c4100000)
 Metaspace       used 20820K, capacity 21078K, committed 21296K, reserved 1069056K
  class space    used 2585K, capacity 2664K, committed 2688K, reserved 1048576K
Event: 15.267 GC heap after
Heap after GC invocations=9 (full 1):
 PSYoungGen      total 140800K, used 0K [0x00000000eb200000, 0x00000000f4500000, 0x0000000100000000)
  eden space 131072K, 0% used [0x00000000eb200000,0x00000000eb200000,0x00000000f3200000)
  from space 9728K, 0% used [0x00000000f3b80000,0x00000000f3b80000,0x00000000f4500000)
  to   space 9728K, 0% used [0x00000000f3200000,0x00000000f3200000,0x00000000f3b80000)
 ParOldGen       total 39424K, used 13096K [0x00000000c1600000, 0x00000000c3c80000, 0x00000000eb200000)
  object space 39424K, 33% used [0x00000000c1600000,0x00000000c22ca088,0x00000000c3c80000)
 Metaspace       used 20820K, capacity 21078K, committed 21296K, reserved 1069056K
  class space    used 2585K, capacity 2664K, committed 2688K, reserved 1048576K
}
Event: 25.144 GC heap before
{Heap before GC invocations=10 (full 1):
 PSYoungGen      total 140800K, used 131072K [0x00000000eb200000, 0x00000000f4500000, 0x0000000100000000)
  eden space 131072K, 100% used [0x00000000eb200000,0x00000000f3200000,0x00000000f3200000)
  from space 9728K, 0% used [0x00000000f3b80000,0x00000000f3b80000,0x00000000f4500000)
  to   space 9728K, 0% used [0x00000000f3200000,0x00000000f3200000,0x00000000f3b80000)
 ParOldGen       total 39424K, used 13096K [0x00000000c1600000, 0x00000000c3c80000, 0x00000000eb200000)
  object space 39424K, 33% used [0x00000000c1600000,0x00000000c22ca088,0x00000000c3c80000)
 Metaspace       used 25957K, capacity 26230K, committed 26496K, reserved 1073152K
  class space    used 3279K, capacity 3384K, committed 3456K, reserved 1048576K
Event: 25.168 GC heap after
Heap after GC invocations=10 (full 1):
 PSYoungGen      total 140800K, used 8390K [0x00000000eb200000, 0x00000000f7900000, 0x0000000100000000)
  eden space 131072K, 0% used [0x00000000eb200000,0x00000000eb200000,0x00000000f3200000)
  from space 9728K, 86% used [0x00000000f3200000,0x00000000f3a31870,0x00000000f3b80000)
  to   space 10240K, 0% used [0x00000000f6f00000,0x00000000f6f00000,0x00000000f7900000)
 ParOldGen       total 39424K, used 13104K [0x00000000c1600000, 0x00000000c3c80000, 0x00000000eb200000)
  object space 39424K, 33% used [0x00000000c1600000,0x00000000c22cc088,0x00000000c3c80000)
 Metaspace       used 25957K, capacity 26230K, committed 26496K, reserved 1073152K
  class space    used 3279K, capacity 3384K, committed 3456K, reserved 1048576K
}

