# JRE version: Java(TM) SE Runtime Environment (8.0_131-b11) (build 1.8.0_131-b11)
# Java VM: Java HotSpot(TM) 64-Bit Server VM (25.131-b11 mixed mode windows-amd64 compressed oops)
Heap:
 PSYoungGen      total 134144K, used 52162K [0x00000000eb200000, 0x00000000f5580000, 0x0000000100000000)
  eden space 120832K, 36% used [0x00000000eb200000,0x00000000edcd4450,0x00000000f2800000)
  from space 13312K, 62% used [0x00000000f2800000,0x00000000f301c6c0,0x00000000f3500000)
  to   space 12800K, 0% used [0x00000000f4900000,0x00000000f4900000,0x00000000f5580000)
 ParOldGen       total 70144K, used 31762K [0x00000000c1600000, 0x00000000c5a80000, 0x00000000eb200000)
  object space 70144K, 45% used [0x00000000c1600000,0x00000000c3504890,0x00000000c5a80000)
 Metaspace       used 47835K, capacity 48306K, committed 48808K, reserved 1091584K
  class space    used 6129K, capacity 6252K, committed 6312K, reserved 1048576K
GC Heap History (10 events):
Event: 21.559 GC heap before
{Heap before GC invocations=13 (full 1):
 PSYoungGen      total 110592K, used 110571K [0x00000000eb200000, 0x00000000f2780000, 0x0000000100000000)
  eden space 102912K, 100% used [0x00000000eb200000,0x00000000f1680000,0x00000000f1680000)
  from space 7680K, 99% used [0x00000000f1680000,0x00000000f1dfad90,0x00000000f1e00000)
  to   space 8704K, 0% used [0x00000000f1f00000,0x00000000f1f00000,0x00000000f2780000)
 ParOldGen       total 44032K, used 14730K [0x00000000c1600000, 0x00000000c4100000, 0x00000000eb200000)
  object space 44032K, 33% used [0x00000000c1600000,0x00000000c2462af8,0x00000000c4100000)
 Metaspace       used 29936K, capacity 30292K, committed 30464K, reserved 1075200K
  class space    used 3744K, capacity 3837K, committed 3840K, reserved 1048576K
Event: 21.593 GC heap after
Heap after GC invocations=13 (full 1):
 PSYoungGen      total 111104K, used 7415K [0x00000000eb200000, 0x00000000f3f00000, 0x0000000100000000)
  eden space 102400K, 0% used [0x00000000eb200000,0x00000000eb200000,0x00000000f1600000)
  from space 8704K, 85% used [0x00000000f1f00000,0x00000000f263dd38,0x00000000f2780000)
  to   space 9216K, 0% used [0x00000000f1600000,0x00000000f1600000,0x00000000f1f00000)
 ParOldGen       total 44032K, used 16622K [0x00000000c1600000, 0x00000000c4100000, 0x00000000eb200000)
  object space 44032K, 37% used [0x00000000c1600000,0x00000000c263bb28,0x00000000c4100000)
 Metaspace       used 29936K, capacity 30292K, committed 30464K, reserved 1075200K
  class space    used 3744K, capacity 3837K, committed 3840K, reserved 1048576K
}
Event: 25.929 GC heap before
{Heap before GC invocations=14 (full 1):
 PSYoungGen      total 111104K, used 57402K [0x00000000eb200000, 0x00000000f3f00000, 0x0000000100000000)
  eden space 102400K, 48% used [0x00000000eb200000,0x00000000ee2d0d70,0x00000000f1600000)
  from space 8704K, 85% used [0x00000000f1f00000,0x00000000f263dd38,0x00000000f2780000)
  to   space 9216K, 0% used [0x00000000f1600000,0x00000000f1600000,0x00000000f1f00000)
 ParOldGen       total 44032K, used 16622K [0x00000000c1600000, 0x00000000c4100000, 0x00000000eb200000)
  object space 44032K, 37% used [0x00000000c1600000,0x00000000c263bb28,0x00000000c4100000)
 Metaspace       used 35021K, capacity 35322K, committed 35496K, reserved 1081344K
  class space    used 4417K, capacity 4510K, committed 4520K, reserved 1048576K
Event: 25.949 GC heap after
Heap after GC invocations=14 (full 1):
 PSYoungGen      total 111616K, used 9205K [0x00000000eb200000, 0x00000000f4000000, 0x0000000100000000)
  eden space 102400K, 0% used [0x00000000eb200000,0x00000000eb200000,0x00000000f1600000)
  from space 9216K, 99% used [0x00000000f1600000,0x00000000f1efd758,0x00000000f1f00000)
  to   space 11264K, 0% used [0x00000000f3500000,0x00000000f3500000,0x00000000f4000000)
 ParOldGen       total 44032K, used 20365K [0x00000000c1600000, 0x00000000c4100000, 0x00000000eb200000)
  object space 44032K, 46% used [0x00000000c1600000,0x00000000c29e3468,0x00000000c4100000)
 Metaspace       used 35021K, capacity 35322K, committed 35496K, reserved 1081344K
  class space    used 4417K, capacity 4510K, committed 4520K, reserved 1048576K
}
Event: 25.949 GC heap before
{Heap before GC invocations=15 (full 2):
 PSYoungGen      total 111616K, used 9205K [0x00000000eb200000, 0x00000000f4000000, 0x0000000100000000)
  eden space 102400K, 0% used [0x00000000eb200000,0x00000000eb200000,0x00000000f1600000)
  from space 9216K, 99% used [0x00000000f1600000,0x00000000f1efd758,0x00000000f1f00000)
  to   space 11264K, 0% used [0x00000000f3500000,0x00000000f3500000,0x00000000f4000000)
 ParOldGen       total 44032K, used 20365K [0x00000000c1600000, 0x00000000c4100000, 0x00000000eb200000)
  object space 44032K, 46% used [0x00000000c1600000,0x00000000c29e3468,0x00000000c4100000)
 Metaspace       used 35021K, capacity 35322K, committed 35496K, reserved 1081344K
  class space    used 4417K, capacity 4510K, committed 4520K, reserved 1048576K
Event: 26.094 GC heap after
Heap after GC invocations=15 (full 2):
 PSYoungGen      total 111616K, used 0K [0x00000000eb200000, 0x00000000f4000000, 0x0000000100000000)
  eden space 102400K, 0% used [0x00000000eb200000,0x00000000eb200000,0x00000000f1600000)
  from space 9216K, 0% used [0x00000000f1600000,0x00000000f1600000,0x00000000f1f00000)
  to   space 11264K, 0% used [0x00000000f3500000,0x00000000f3500000,0x00000000f4000000)
 ParOldGen       total 70144K, used 24909K [0x00000000c1600000, 0x00000000c5a80000, 0x00000000eb200000)
  object space 70144K, 35% used [0x00000000c1600000,0x00000000c2e53768,0x00000000c5a80000)
 Metaspace       used 35021K, capacity 35322K, committed 35496K, reserved 1081344K
  class space    used 4417K, capacity 4510K, committed 4520K, reserved 1048576K
}
Event: 204.764 GC heap before
{Heap before GC invocations=16 (full 2):
 PSYoungGen      total 111616K, used 102400K [0x00000000eb200000, 0x00000000f4000000, 0x0000000100000000)
  eden space 102400K, 100% used [0x00000000eb200000,0x00000000f1600000,0x00000000f1600000)
  from space 9216K, 0% used [0x00000000f1600000,0x00000000f1600000,0x00000000f1f00000)
  to   space 11264K, 0% used [0x00000000f3500000,0x00000000f3500000,0x00000000f4000000)
 ParOldGen       total 70144K, used 24909K [0x00000000c1600000, 0x00000000c5a80000, 0x00000000eb200000)
  object space 70144K, 35% used [0x00000000c1600000,0x00000000c2e53768,0x00000000c5a80000)
 Metaspace       used 42484K, capacity 42850K, committed 43304K, reserved 1087488K
  class space    used 5470K, capacity 5578K, committed 5672K, reserved 1048576K
Event: 204.786 GC heap after
Heap after GC invocations=16 (full 2):
 PSYoungGen      total 132096K, used 11236K [0x00000000eb200000, 0x00000000f4500000, 0x0000000100000000)
  eden space 120832K, 0% used [0x00000000eb200000,0x00000000eb200000,0x00000000f2800000)
  from space 11264K, 99% used [0x00000000f3500000,0x00000000f3ff9330,0x00000000f4000000)
  to   space 13312K, 0% used [0x00000000f2800000,0x00000000f2800000,0x00000000f3500000)
 ParOldGen       total 70144K, used 25660K [0x00000000c1600000, 0x00000000c5a80000, 0x00000000eb200000)
  object space 70144K, 36% used [0x00000000c1600000,0x00000000c2f0f110,0x00000000c5a80000)
 Metaspace       used 42484K, capacity 42850K, committed 43304K, reserved 1087488K
  class space    used 5470K, capacity 5578K, committed 5672K, reserved 1048576K
}
Event: 263.208 GC heap before
{Heap before GC invocations=17 (full 2):
 PSYoungGen      total 132096K, used 132068K [0x00000000eb200000, 0x00000000f4500000, 0x0000000100000000)
  eden space 120832K, 100% used [0x00000000eb200000,0x00000000f2800000,0x00000000f2800000)
  from space 11264K, 99% used [0x00000000f3500000,0x00000000f3ff9330,0x00000000f4000000)
  to   space 13312K, 0% used [0x00000000f2800000,0x00000000f2800000,0x00000000f3500000)
 ParOldGen       total 70144K, used 25660K [0x00000000c1600000, 0x00000000c5a80000, 0x00000000eb200000)
  object space 70144K, 36% used [0x00000000c1600000,0x00000000c2f0f110,0x00000000c5a80000)
 Metaspace       used 46730K, capacity 47170K, committed 47656K, reserved 1091584K
  class space    used 5986K, capacity 6116K, committed 6184K, reserved 1048576K
Event: 263.239 GC heap after
Heap after GC invocations=17 (full 2):
 PSYoungGen      total 134144K, used 8305K [0x00000000eb200000, 0x00000000f5580000, 0x0000000100000000)
  eden space 120832K, 0% used [0x00000000eb200000,0x00000000eb200000,0x00000000f2800000)
  from space 13312K, 62% used [0x00000000f2800000,0x00000000f301c6c0,0x00000000f3500000)
  to   space 12800K, 0% used [0x00000000f4900000,0x00000000f4900000,0x00000000f5580000)
 ParOldGen       total 70144K, used 31762K [0x00000000c1600000, 0x00000000c5a80000, 0x00000000eb200000)
  object space 70144K, 45% used [0x00000000c1600000,0x00000000c3504890,0x00000000c5a80000)
 Metaspace       used 46730K, capacity 47170K, committed 47656K, reserved 1091584K
  class space    used 5986K, capacity 6116K, committed 6184K, reserved 1048576K
}

